2024-06-21T08:04:44  docs: expand examples
2024-07-06T15:21:51  test: strengthen coverage
2024-07-28T10:38:58  chore: tune defaults
2024-08-13T17:55:05  refactor: simplify helper
2024-09-28T12:12:12  chore: routine maintenance
2024-10-14T19:29:19  docs: clarify usage notes
2024-11-05T14:46:26  test: add edge case
2024-11-28T09:03:33  refactor: tidy internals
2024-12-13T16:20:40  fix: handle empty input gracefully
2025-01-29T11:37:47  perf: micro-optimization
2025-02-13T18:54:54  style: formatting
2025-03-08T13:11:01  chore: bump dev tooling
2025-03-30T08:28:08  docs: expand examples
2025-04-15T15:45:15  test: strengthen coverage
2025-05-31T10:02:22  chore: tune defaults
2025-06-16T17:19:29  refactor: simplify helper
2025-07-08T12:36:36  chore: routine maintenance
2025-07-30T19:53:43  docs: clarify usage notes
2025-08-15T14:10:50  test: add edge case
2025-09-30T09:27:57  refactor: tidy internals
2025-10-16T16:44:04  fix: handle empty input gracefully
2025-11-07T11:01:11  perf: micro-optimization
2025-11-23T18:18:18  style: formatting
2025-12-15T13:35:25  chore: bump dev tooling
2026-01-31T08:52:32  docs: expand examples
2026-02-15T15:09:39  test: strengthen coverage
2026-03-10T10:26:46  chore: tune defaults
